# JRE version: OpenJDK Runtime Environment (8.0_242-b01) (build 1.8.0_242-release-1644-b01)
# Java VM: OpenJDK 64-Bit Server VM (25.242-b01 mixed mode windows-amd64 compressed oops)
Heap:
 PSYoungGen      total 253440K, used 56164K [0x00000000d5580000, 0x00000000ecf00000, 0x0000000100000000)
  eden space 233984K, 24% used [0x00000000d5580000,0x00000000d8c59278,0x00000000e3a00000)
  from space 19456K, 0% used [0x00000000e3a00000,0x00000000e3a00000,0x00000000e4d00000)
  to   space 22528K, 0% used [0x00000000eb900000,0x00000000eb900000,0x00000000ecf00000)
 ParOldGen       total 136704K, used 33872K [0x0000000080000000, 0x0000000088580000, 0x00000000d5580000)
  object space 136704K, 24% used [0x0000000080000000,0x0000000082114240,0x0000000088580000)
 Metaspace       used 59219K, capacity 61826K, committed 61912K, reserved 1101824K
  class space    used 8126K, capacity 8630K, committed 8704K, reserved 1048576K
GC Heap History (10 events):
Event: 8.038 GC heap before
{Heap before GC invocations=8 (full 2):
 PSYoungGen      total 141824K, used 8743K [0x00000000d5580000, 0x00000000dea80000, 0x0000000100000000)
  eden space 131072K, 0% used [0x00000000d5580000,0x00000000d5580000,0x00000000dd580000)
  from space 10752K, 81% used [0x00000000de000000,0x00000000de889cc8,0x00000000dea80000)
  to   space 10752K, 0% used [0x00000000dd580000,0x00000000dd580000,0x00000000de000000)
 ParOldGen       total 80384K, used 9487K [0x0000000080000000, 0x0000000084e80000, 0x00000000d5580000)
  object space 80384K, 11% used [0x0000000080000000,0x0000000080943ef8,0x0000000084e80000)
 Metaspace       used 34018K, capacity 35262K, committed 35416K, reserved 1079296K
  class space    used 4586K, capacity 4884K, committed 4992K, reserved 1048576K
Event: 8.126 GC heap after
Heap after GC invocations=8 (full 2):
 PSYoungGen      total 141824K, used 0K [0x00000000d5580000, 0x00000000dea80000, 0x0000000100000000)
  eden space 131072K, 0% used [0x00000000d5580000,0x00000000d5580000,0x00000000dd580000)
  from space 10752K, 0% used [0x00000000de000000,0x00000000de000000,0x00000000dea80000)
  to   space 10752K, 0% used [0x00000000dd580000,0x00000000dd580000,0x00000000de000000)
 ParOldGen       total 100352K, used 15181K [0x0000000080000000, 0x0000000086200000, 0x00000000d5580000)
  object space 100352K, 15% used [0x0000000080000000,0x0000000080ed3438,0x0000000086200000)
 Metaspace       used 34018K, capacity 35262K, committed 35416K, reserved 1079296K
  class space    used 4586K, capacity 4884K, committed 4992K, reserved 1048576K
}
Event: 10.564 GC heap before
{Heap before GC invocations=9 (full 2):
 PSYoungGen      total 141824K, used 131072K [0x00000000d5580000, 0x00000000dea80000, 0x0000000100000000)
  eden space 131072K, 100% used [0x00000000d5580000,0x00000000dd580000,0x00000000dd580000)
  from space 10752K, 0% used [0x00000000de000000,0x00000000de000000,0x00000000dea80000)
  to   space 10752K, 0% used [0x00000000dd580000,0x00000000dd580000,0x00000000de000000)
 ParOldGen       total 100352K, used 15181K [0x0000000080000000, 0x0000000086200000, 0x00000000d5580000)
  object space 100352K, 15% used [0x0000000080000000,0x0000000080ed3438,0x0000000086200000)
 Metaspace       used 38851K, capacity 40788K, committed 41048K, reserved 1085440K
  class space    used 5347K, capacity 5755K, committed 5760K, reserved 1048576K
Event: 10.575 GC heap after
Heap after GC invocations=9 (full 2):
 PSYoungGen      total 141824K, used 9961K [0x00000000d5580000, 0x00000000e5b00000, 0x0000000100000000)
  eden space 131072K, 0% used [0x00000000d5580000,0x00000000d5580000,0x00000000dd580000)
  from space 10752K, 92% used [0x00000000dd580000,0x00000000ddf3a4a0,0x00000000de000000)
  to   space 14336K, 0% used [0x00000000e4d00000,0x00000000e4d00000,0x00000000e5b00000)
 ParOldGen       total 100352K, used 15189K [0x0000000080000000, 0x0000000086200000, 0x00000000d5580000)
  object space 100352K, 15% used [0x0000000080000000,0x0000000080ed5438,0x0000000086200000)
 Metaspace       used 38851K, capacity 40788K, committed 41048K, reserved 1085440K
  class space    used 5347K, capacity 5755K, committed 5760K, reserved 1048576K
}
Event: 13.140 GC heap before
{Heap before GC invocations=10 (full 2):
 PSYoungGen      total 141824K, used 141033K [0x00000000d5580000, 0x00000000e5b00000, 0x0000000100000000)
  eden space 131072K, 100% used [0x00000000d5580000,0x00000000dd580000,0x00000000dd580000)
  from space 10752K, 92% used [0x00000000dd580000,0x00000000ddf3a4a0,0x00000000de000000)
  to   space 14336K, 0% used [0x00000000e4d00000,0x00000000e4d00000,0x00000000e5b00000)
 ParOldGen       total 100352K, used 15189K [0x0000000080000000, 0x0000000086200000, 0x00000000d5580000)
  object space 100352K, 15% used [0x0000000080000000,0x0000000080ed5438,0x0000000086200000)
 Metaspace       used 52250K, capacity 54446K, committed 54616K, reserved 1095680K
  class space    used 7003K, capacity 7443K, committed 7552K, reserved 1048576K
Event: 13.176 GC heap after
Heap after GC invocations=10 (full 2):
 PSYoungGen      total 248320K, used 14310K [0x00000000d5580000, 0x00000000e6080000, 0x0000000100000000)
  eden space 233984K, 0% used [0x00000000d5580000,0x00000000d5580000,0x00000000e3a00000)
  from space 14336K, 99% used [0x00000000e4d00000,0x00000000e5af9960,0x00000000e5b00000)
  to   space 19456K, 0% used [0x00000000e3a00000,0x00000000e3a00000,0x00000000e4d00000)
 ParOldGen       total 100352K, used 23157K [0x0000000080000000, 0x0000000086200000, 0x00000000d5580000)
  object space 100352K, 23% used [0x0000000080000000,0x000000008169d790,0x0000000086200000)
 Metaspace       used 52250K, capacity 54446K, committed 54616K, reserved 1095680K
  class space    used 7003K, capacity 7443K, committed 7552K, reserved 1048576K
}
Event: 14.320 GC heap before
{Heap before GC invocations=11 (full 2):
 PSYoungGen      total 248320K, used 78721K [0x00000000d5580000, 0x00000000e6080000, 0x0000000100000000)
  eden space 233984K, 27% used [0x00000000d5580000,0x00000000d9466bd0,0x00000000e3a00000)
  from space 14336K, 99% used [0x00000000e4d00000,0x00000000e5af9960,0x00000000e5b00000)
  to   space 19456K, 0% used [0x00000000e3a00000,0x00000000e3a00000,0x00000000e4d00000)
 ParOldGen       total 100352K, used 23157K [0x0000000080000000, 0x0000000086200000, 0x00000000d5580000)
  object space 100352K, 23% used [0x0000000080000000,0x000000008169d790,0x0000000086200000)
 Metaspace       used 56317K, capacity 58824K, committed 58968K, reserved 1099776K
  class space    used 7681K, capacity 8211K, committed 8320K, reserved 1048576K
Event: 14.358 GC heap after
Heap after GC invocations=11 (full 2):
 PSYoungGen      total 253440K, used 19439K [0x00000000d5580000, 0x00000000ecf00000, 0x0000000100000000)
  eden space 233984K, 0% used [0x00000000d5580000,0x00000000d5580000,0x00000000e3a00000)
  from space 19456K, 99% used [0x00000000e3a00000,0x00000000e4cfbe48,0x00000000e4d00000)
  to   space 22528K, 0% used [0x00000000eb900000,0x00000000eb900000,0x00000000ecf00000)
 ParOldGen       total 100352K, used 24162K [0x0000000080000000, 0x0000000086200000, 0x00000000d5580000)
  object space 100352K, 24% used [0x0000000080000000,0x0000000081798b28,0x0000000086200000)
 Metaspace       used 56317K, capacity 58824K, committed 58968K, reserved 1099776K
  class space    used 7681K, capacity 8211K, committed 8320K, reserved 1048576K
}
Event: 14.358 GC heap before
{Heap before GC invocations=12 (full 3):
 PSYoungGen      total 253440K, used 19439K [0x00000000d5580000, 0x00000000ecf00000, 0x0000000100000000)
  eden space 233984K, 0% used [0x00000000d5580000,0x00000000d5580000,0x00000000e3a00000)
  from space 19456K, 99% used [0x00000000e3a00000,0x00000000e4cfbe48,0x00000000e4d00000)
  to   space 22528K, 0% used [0x00000000eb900000,0x00000000eb900000,0x00000000ecf00000)
 ParOldGen       total 100352K, used 24162K [0x0000000080000000, 0x0000000086200000, 0x00000000d5580000)
  object space 100352K, 24% used [0x0000000080000000,0x0000000081798b28,0x0000000086200000)
 Metaspace       used 56317K, capacity 58824K, committed 58968K, reserved 1099776K
  class space    used 7681K, capacity 8211K, committed 8320K, reserved 1048576K
Event: 14.622 GC heap after
Heap after GC invocations=12 (full 3):
 PSYoungGen      total 253440K, used 0K [0x00000000d5580000, 0x00000000ecf00000, 0x0000000100000000)
  eden space 233984K, 0% used [0x00000000d5580000,0x00000000d5580000,0x00000000e3a00000)
  from space 19456K, 0% used [0x00000000e3a00000,0x00000000e3a00000,0x00000000e4d00000)
  to   space 22528K, 0% used [0x00000000eb900000,0x00000000eb900000,0x00000000ecf00000)
 ParOldGen       total 136704K, used 33872K [0x0000000080000000, 0x0000000088580000, 0x00000000d5580000)
  object space 136704K, 24% used [0x0000000080000000,0x0000000082114240,0x0000000088580000)
 Metaspace       used 56288K, capacity 58728K, committed 58968K, reserved 1099776K
  class space    used 7672K, capacity 8195K, committed 8320K, reserved 1048576K
}

